#
# There is insufficient memory for the Java Runtime Environment to continue.
# Native memory allocation (malloc) failed to allocate 1173616 bytes. Error detail: Chunk::new
# Possible reasons:
#   The system is out of physical RAM or swap space
#   This process is running with CompressedOops enabled, and the Java Heap may be blocking the growth of the native heap
# Possible solutions:
#   Reduce memory load on the system
#   Increase physical memory or swap space
#   Check if swap backing store is full
#   Decrease Java heap size (-Xmx/-Xms)
#   Decrease number of Java threads
#   Decrease Java thread stack sizes (-Xss)
#   Set larger code cache with -XX:ReservedCodeCacheSize=
#   JVM is running with Unscaled Compressed Oops mode in which the Java heap is
#     placed in the first 4GB address space. The Java Heap base address is the
#     maximum limit for the native heap growth. Please use -XX:HeapBaseMinAddress
#     to set the Java Heap base and to place the Java Heap above 4GB virtual address.
# This output file may be truncated or incomplete.
#
#  Out of Memory Error (arena.cpp:168), pid=12244, tid=15972
#
# JRE version: OpenJDK Runtime Environment Temurin-21.0.8+9 (21.0.8+9) (build 21.0.8+9-LTS)
# Java VM: OpenJDK 64-Bit Server VM Temurin-21.0.8+9 (21.0.8+9-LTS, mixed mode, sharing, tiered, compressed oops, compressed class ptrs, parallel gc, windows-amd64)
# No core dump will be written. Minidumps are not enabled by default on client versions of Windows
#

---------------  S U M M A R Y ------------

Command Line: --add-modules=ALL-SYSTEM --add-opens=java.base/java.util=ALL-UNNAMED --add-opens=java.base/java.lang=ALL-UNNAMED --add-opens=java.base/sun.nio.fs=ALL-UNNAMED -Declipse.application=org.eclipse.jdt.ls.core.id1 -Dosgi.bundles.defaultStartLevel=4 -Declipse.product=org.eclipse.jdt.ls.core.product -Djava.import.generatesMetadataFilesAtProjectRoot=false -DDetectVMInstallationsJob.disabled=true -Dfile.encoding=utf8 -XX:+UseParallelGC -XX:GCTimeRatio=4 -XX:AdaptiveSizePolicyWeight=90 -Dsun.zip.disableMemoryMapping=true -Xmx2G -Xms100m -Xlog:disable -javaagent:c:\Users\DELL\.vscode\extensions\redhat.java-1.44.0-win32-x64\lombok\lombok-1.18.39-4050.jar c:\Users\DELL\.vscode\extensions\redhat.java-1.44.0-win32-x64\server\plugins\org.eclipse.equinox.launcher_1.7.0.v20250519-0528.jar -configuration c:\Users\DELL\AppData\Roaming\Code\User\globalStorage\redhat.java\1.44.0\config_ss_win -data c:\Users\DELL\AppData\Roaming\Code\User\workspaceStorage\7347e949fa8fcc07896563d2bdbed6ba\redhat.java\ss_ws --pipe=\\.\pipe\lsp-7b1a2c59970a3faea70d4480db9851c3-sock

Host: Intel(R) Core(TM) i3-7020U CPU @ 2.30GHz, 4 cores, 3G,  Windows 10 , 64 bit Build 19041 (10.0.19041.5915)
Time: Sun Aug  3 15:45:34 2025 India Standard Time elapsed time: 13.039054 seconds (0d 0h 0m 13s)

---------------  T H R E A D  ---------------

Current thread (0x0000017b569532d0):  JavaThread "C2 CompilerThread0" daemon [_thread_in_native, id=15972, stack(0x0000006cceb00000,0x0000006ccec00000) (1024K)]


Current CompileTask:
C2:13039 2590       4       org.lombokweb.asm.ClassReader::readMethod (1070 bytes)

Stack: [0x0000006cceb00000,0x0000006ccec00000]
Native frames: (J=compiled Java code, j=interpreted, Vv=VM code, C=native code)
V  [jvm.dll+0x6d2449]
V  [jvm.dll+0x8ae341]
V  [jvm.dll+0x8b08be]
V  [jvm.dll+0x8b0fa3]
V  [jvm.dll+0x280c96]
V  [jvm.dll+0xc581d]
V  [jvm.dll+0xc5d53]
V  [jvm.dll+0x3b9162]
V  [jvm.dll+0x385315]
V  [jvm.dll+0x38477a]
V  [jvm.dll+0x248ed0]
V  [jvm.dll+0x2484af]
V  [jvm.dll+0x1c89ee]
V  [jvm.dll+0x257d4d]
V  [jvm.dll+0x2562ea]
V  [jvm.dll+0x3f2d16]
V  [jvm.dll+0x857e6b]
V  [jvm.dll+0x6d0b0d]
C  [ucrtbase.dll+0x21bb2]
C  [KERNEL32.DLL+0x17374]
C  [ntdll.dll+0x4cc91]


---------------  P R O C E S S  ---------------

Threads class SMR info:
_java_thread_list=0x0000017b72f25f60, length=20, elements={
0x0000017b56a62740, 0x0000017b56949400, 0x0000017b5694ad00, 0x0000017b5694cf70,
0x0000017b5694de80, 0x0000017b56951a50, 0x0000017b569524a0, 0x0000017b569532d0,
0x0000017b569b6760, 0x0000017b7202c640, 0x0000017b72264bc0, 0x0000017b72888200,
0x0000017b729d2000, 0x0000017b729d2930, 0x0000017b72225ec0, 0x0000017b72500fa0,
0x0000017b723d0400, 0x0000017b72bf4ab0, 0x0000017b72f21c30, 0x0000017b72f88e50
}

Java Threads: ( => current thread )
  0x0000017b56a62740 JavaThread "main"                              [_thread_blocked, id=3128, stack(0x0000006cce100000,0x0000006cce200000) (1024K)]
  0x0000017b56949400 JavaThread "Reference Handler"          daemon [_thread_blocked, id=13244, stack(0x0000006cce500000,0x0000006cce600000) (1024K)]
  0x0000017b5694ad00 JavaThread "Finalizer"                  daemon [_thread_blocked, id=17108, stack(0x0000006cce600000,0x0000006cce700000) (1024K)]
  0x0000017b5694cf70 JavaThread "Signal Dispatcher"          daemon [_thread_blocked, id=13676, stack(0x0000006cce700000,0x0000006cce800000) (1024K)]
  0x0000017b5694de80 JavaThread "Attach Listener"            daemon [_thread_blocked, id=1772, stack(0x0000006cce800000,0x0000006cce900000) (1024K)]
  0x0000017b56951a50 JavaThread "Service Thread"             daemon [_thread_blocked, id=584, stack(0x0000006cce900000,0x0000006ccea00000) (1024K)]
  0x0000017b569524a0 JavaThread "Monitor Deflation Thread"   daemon [_thread_blocked, id=15560, stack(0x0000006ccea00000,0x0000006cceb00000) (1024K)]
=>0x0000017b569532d0 JavaThread "C2 CompilerThread0"         daemon [_thread_in_native, id=15972, stack(0x0000006cceb00000,0x0000006ccec00000) (1024K)]
  0x0000017b569b6760 JavaThread "C1 CompilerThread0"         daemon [_thread_blocked, id=16232, stack(0x0000006ccec00000,0x0000006cced00000) (1024K)]
  0x0000017b7202c640 JavaThread "Common-Cleaner"             daemon [_thread_blocked, id=16664, stack(0x0000006cced00000,0x0000006ccee00000) (1024K)]
  0x0000017b72264bc0 JavaThread "Notification Thread"        daemon [_thread_blocked, id=17204, stack(0x0000006ccee00000,0x0000006ccef00000) (1024K)]
  0x0000017b72888200 JavaThread "Active Thread: Equinox Container: bf9a4bab-e8a6-424e-8b22-3e45e0c6f7ba"        [_thread_blocked, id=13644, stack(0x0000006ccf200000,0x0000006ccf300000) (1024K)]
  0x0000017b729d2000 JavaThread "Framework Event Dispatcher: Equinox Container: bf9a4bab-e8a6-424e-8b22-3e45e0c6f7ba" daemon [_thread_blocked, id=4100, stack(0x0000006ccf300000,0x0000006ccf400000) (1024K)]
  0x0000017b729d2930 JavaThread "Start Level: Equinox Container: bf9a4bab-e8a6-424e-8b22-3e45e0c6f7ba" daemon [_thread_in_Java, id=3964, stack(0x0000006ccf400000,0x0000006ccf500000) (1024K)]
  0x0000017b72225ec0 JavaThread "SCR Component Actor"        daemon [_thread_blocked, id=15784, stack(0x0000006ccf500000,0x0000006ccf600000) (1024K)]
  0x0000017b72500fa0 JavaThread "SCR Component Registry"     daemon [_thread_blocked, id=9140, stack(0x0000006ccf600000,0x0000006ccf700000) (1024K)]
  0x0000017b723d0400 JavaThread "Worker-JM"                         [_thread_blocked, id=700, stack(0x0000006ccf700000,0x0000006ccf800000) (1024K)]
  0x0000017b72bf4ab0 JavaThread "Worker-0"                          [_thread_blocked, id=3248, stack(0x0000006ccf800000,0x0000006ccf900000) (1024K)]
  0x0000017b72f21c30 JavaThread "Worker-1"                          [_thread_blocked, id=15712, stack(0x0000006ccf900000,0x0000006ccfa00000) (1024K)]
  0x0000017b72f88e50 JavaThread "Worker-2"                          [_thread_blocked, id=11416, stack(0x0000006ccfa00000,0x0000006ccfb00000) (1024K)]
Total: 20

Other Threads:
  0x0000017b5693e510 VMThread "VM Thread"                           [id=15776, stack(0x0000006cce400000,0x0000006cce500000) (1024K)]
  0x0000017b56acf680 WatcherThread "VM Periodic Task Thread"        [id=1404, stack(0x0000006cce300000,0x0000006cce400000) (1024K)]
  0x0000017b547be2b0 WorkerThread "GC Thread#0"                     [id=17320, stack(0x0000006cce200000,0x0000006cce300000) (1024K)]
  0x0000017b724170a0 WorkerThread "GC Thread#1"                     [id=10576, stack(0x0000006ccef00000,0x0000006ccf000000) (1024K)]
  0x0000017b72417440 WorkerThread "GC Thread#2"                     [id=17020, stack(0x0000006ccf000000,0x0000006ccf100000) (1024K)]
  0x0000017b7234bf90 WorkerThread "GC Thread#3"                     [id=2532, stack(0x0000006ccf100000,0x0000006ccf200000) (1024K)]
Total: 6

Threads with active compile tasks:
C2 CompilerThread0  13115 2590       4       org.lombokweb.asm.ClassReader::readMethod (1070 bytes)
Total: 1

VM state: not at safepoint (normal execution)

VM Mutex/Monitor currently owned by a thread: None

Heap address: 0x0000000080000000, size: 2048 MB, Compressed Oops mode: 32-bit

CDS archive(s) mapped at: [0x0000017b00000000-0x0000017b00ba0000-0x0000017b00ba0000), size 12189696, SharedBaseAddress: 0x0000017b00000000, ArchiveRelocationMode: 1.
Compressed class space mapped at: 0x0000017b01000000-0x0000017b41000000, reserved size: 1073741824
Narrow klass base: 0x0000017b00000000, Narrow klass shift: 0, Narrow klass range: 0x100000000

GC Precious Log:
 CardTable entry size: 512
 CPUs: 4 total, 4 available
 Memory: 3960M
 Large Page Support: Disabled
 NUMA Support: Disabled
 Compressed Oops: Enabled (32-bit)
 Alignments: Space 512K, Generation 512K, Heap 2M
 Heap Min Capacity: 100M
 Heap Initial Capacity: 100M
 Heap Max Capacity: 2G
 Pre-touch: Disabled
 Parallel Workers: 4

Heap:
 PSYoungGen      total 29184K, used 21597K [0x00000000d5580000, 0x00000000d7900000, 0x0000000100000000)
  eden space 25088K, 69% used [0x00000000d5580000,0x00000000d6698618,0x00000000d6e00000)
  from space 4096K, 99% used [0x00000000d6e80000,0x00000000d727f1c0,0x00000000d7280000)
  to   space 5632K, 0% used [0x00000000d7380000,0x00000000d7380000,0x00000000d7900000)
 ParOldGen       total 68608K, used 5731K [0x0000000080000000, 0x0000000084300000, 0x00000000d5580000)
  object space 68608K, 8% used [0x0000000080000000,0x0000000080598ce0,0x0000000084300000)
 Metaspace       used 20864K, committed 21440K, reserved 1114112K
  class space    used 2010K, committed 2240K, reserved 1048576K

Card table byte_map: [0x0000017b56410000,0x0000017b56820000] _byte_map_base: 0x0000017b56010000

Marking Bits: (ParMarkBitMap*) 0x00007ffabe15a340
 Begin Bits: [0x0000017b68f10000, 0x0000017b6af10000)
 End Bits:   [0x0000017b6af10000, 0x0000017b6cf10000)

Polling page: 0x0000017b54920000

Metaspace:

Usage:
  Non-class:     18.41 MB used.
      Class:      1.96 MB used.
       Both:     20.38 MB used.

Virtual space:
  Non-class space:       64.00 MB reserved,      18.75 MB ( 29%) committed,  1 nodes.
      Class space:        1.00 GB reserved,       2.19 MB ( <1%) committed,  1 nodes.
             Both:        1.06 GB reserved,      20.94 MB (  2%) committed. 

Chunk freelists:
   Non-Class:  12.47 MB
       Class:  13.63 MB
        Both:  26.10 MB

MaxMetaspaceSize: unlimited
CompressedClassSpaceSize: 1.00 GB
Initial GC threshold: 21.00 MB
Current GC threshold: 21.00 MB
CDS: on
 - commit_granule_bytes: 65536.
 - commit_granule_words: 8192.
 - virtual_space_node_default_size: 8388608.
 - enlarge_chunks_in_place: 1.
 - use_allocation_guard: 0.


Internal statistics:

num_allocs_failed_limit: 0.
num_arena_births: 462.
num_arena_deaths: 0.
num_vsnodes_births: 2.
num_vsnodes_deaths: 0.
num_space_committed: 335.
num_space_uncommitted: 0.
num_chunks_returned_to_freelist: 0.
num_chunks_taken_from_freelist: 1215.
num_chunk_merges: 0.
num_chunk_splits: 797.
num_chunks_enlarged: 556.
num_inconsistent_stats: 0.

CodeHeap 'non-profiled nmethods': size=120000Kb used=1099Kb max_used=1099Kb free=118900Kb
 bounds [0x0000017b61730000, 0x0000017b619a0000, 0x0000017b68c60000]
CodeHeap 'profiled nmethods': size=120000Kb used=5274Kb max_used=5274Kb free=114726Kb
 bounds [0x0000017b59c60000, 0x0000017b5a190000, 0x0000017b61190000]
CodeHeap 'non-nmethods': size=5760Kb used=1301Kb max_used=1316Kb free=4458Kb
 bounds [0x0000017b61190000, 0x0000017b61400000, 0x0000017b61730000]
CodeCache: size=245760Kb, used=7674Kb, max_used=7689Kb, free=238084Kb
 total_blobs=3231, nmethods=2647, adapters=490, full_count=0
Compilation: enabled, stopped_count=0, restarted_count=0

Compilation events (20 events):
Event: 12.962 Thread 0x0000017b569b6760 2639       1       lombok.patcher.scripts.ReplaceMethodCallScript::access$0 (5 bytes)
Event: 12.962 Thread 0x0000017b569b6760 nmethod 2639 0x0000017b61842c90 code [0x0000017b61842e20, 0x0000017b61842ed0]
Event: 12.963 Thread 0x0000017b569b6760 2640       3       org.lombokweb.asm.MethodWriter::visitLocalVariable (222 bytes)
Event: 12.965 Thread 0x0000017b569b6760 nmethod 2640 0x0000017b5a17b610 code [0x0000017b5a17b960, 0x0000017b5a17c9e0]
Event: 12.966 Thread 0x0000017b569b6760 2641       3       java.util.regex.Matcher::match (154 bytes)
Event: 12.967 Thread 0x0000017b569b6760 nmethod 2641 0x0000017b5a17d290 code [0x0000017b5a17d4a0, 0x0000017b5a17da28]
Event: 12.967 Thread 0x0000017b569b6760 2643       3       lombok.patcher.Hook::getClassSpec (8 bytes)
Event: 12.967 Thread 0x0000017b569b6760 nmethod 2643 0x0000017b5a17dc90 code [0x0000017b5a17de40, 0x0000017b5a17df78]
Event: 12.984 Thread 0x0000017b569b6760 2644       3       lombok.patcher.scripts.ReplaceMethodCallScript$ReplaceMethodCall::visitMethodInsn (250 bytes)
Event: 12.987 Thread 0x0000017b569b6760 nmethod 2644 0x0000017b5a17e010 code [0x0000017b5a17e3c0, 0x0000017b5a17f948]
Event: 12.987 Thread 0x0000017b569b6760 2645       3       java.util.regex.Matcher::group (65 bytes)
Event: 12.988 Thread 0x0000017b569b6760 nmethod 2645 0x0000017b5a180290 code [0x0000017b5a1804c0, 0x0000017b5a180b30]
Event: 12.988 Thread 0x0000017b569b6760 2646       3       java.util.regex.Matcher::checkGroup (41 bytes)
Event: 12.989 Thread 0x0000017b569b6760 nmethod 2646 0x0000017b5a180d90 code [0x0000017b5a180fc0, 0x0000017b5a181648]
Event: 12.991 Thread 0x0000017b569b6760 2647       3       org.lombokweb.asm.MethodWriter::endCurrentBasicBlockWithNoSuccessor (98 bytes)
Event: 12.992 Thread 0x0000017b569b6760 nmethod 2647 0x0000017b5a181910 code [0x0000017b5a181b00, 0x0000017b5a181fc8]
Event: 12.992 Thread 0x0000017b569b6760 2648       3       org.lombokweb.asm.MethodVisitor::visitLocalVariable (24 bytes)
Event: 12.993 Thread 0x0000017b569b6760 nmethod 2648 0x0000017b5a182190 code [0x0000017b5a182340, 0x0000017b5a182550]
Event: 12.995 Thread 0x0000017b569b6760 2649       3       org.lombokweb.asm.MethodVisitor::visitTypeInsn (17 bytes)
Event: 12.995 Thread 0x0000017b569b6760 nmethod 2649 0x0000017b5a182610 code [0x0000017b5a1827c0, 0x0000017b5a1829c8]

GC Heap History (10 events):
Event: 3.618 GC heap before
{Heap before GC invocations=1 (full 0):
 PSYoungGen      total 29696K, used 25600K [0x00000000d5580000, 0x00000000d7680000, 0x0000000100000000)
  eden space 25600K, 100% used [0x00000000d5580000,0x00000000d6e80000,0x00000000d6e80000)
  from space 4096K, 0% used [0x00000000d7280000,0x00000000d7280000,0x00000000d7680000)
  to   space 4096K, 0% used [0x00000000d6e80000,0x00000000d6e80000,0x00000000d7280000)
 ParOldGen       total 68608K, used 0K [0x0000000080000000, 0x0000000084300000, 0x00000000d5580000)
  object space 68608K, 0% used [0x0000000080000000,0x0000000080000000,0x0000000084300000)
 Metaspace       used 4351K, committed 4608K, reserved 1114112K
  class space    used 472K, committed 576K, reserved 1048576K
}
Event: 3.639 GC heap after
{Heap after GC invocations=1 (full 0):
 PSYoungGen      total 29696K, used 3366K [0x00000000d5580000, 0x00000000d7680000, 0x0000000100000000)
  eden space 25600K, 0% used [0x00000000d5580000,0x00000000d5580000,0x00000000d6e80000)
  from space 4096K, 82% used [0x00000000d6e80000,0x00000000d71c9bb8,0x00000000d7280000)
  to   space 4096K, 0% used [0x00000000d7280000,0x00000000d7280000,0x00000000d7680000)
 ParOldGen       total 68608K, used 0K [0x0000000080000000, 0x0000000084300000, 0x00000000d5580000)
  object space 68608K, 0% used [0x0000000080000000,0x0000000080000000,0x0000000084300000)
 Metaspace       used 4351K, committed 4608K, reserved 1114112K
  class space    used 472K, committed 576K, reserved 1048576K
}
Event: 6.601 GC heap before
{Heap before GC invocations=2 (full 0):
 PSYoungGen      total 29696K, used 28966K [0x00000000d5580000, 0x00000000d7680000, 0x0000000100000000)
  eden space 25600K, 100% used [0x00000000d5580000,0x00000000d6e80000,0x00000000d6e80000)
  from space 4096K, 82% used [0x00000000d6e80000,0x00000000d71c9bb8,0x00000000d7280000)
  to   space 4096K, 0% used [0x00000000d7280000,0x00000000d7280000,0x00000000d7680000)
 ParOldGen       total 68608K, used 0K [0x0000000080000000, 0x0000000084300000, 0x00000000d5580000)
  object space 68608K, 0% used [0x0000000080000000,0x0000000080000000,0x0000000084300000)
 Metaspace       used 8171K, committed 8448K, reserved 1114112K
  class space    used 865K, committed 960K, reserved 1048576K
}
Event: 6.610 GC heap after
{Heap after GC invocations=2 (full 0):
 PSYoungGen      total 29696K, used 4092K [0x00000000d5580000, 0x00000000d7680000, 0x0000000100000000)
  eden space 25600K, 0% used [0x00000000d5580000,0x00000000d5580000,0x00000000d6e80000)
  from space 4096K, 99% used [0x00000000d7280000,0x00000000d767f270,0x00000000d7680000)
  to   space 4096K, 0% used [0x00000000d6e80000,0x00000000d6e80000,0x00000000d7280000)
 ParOldGen       total 68608K, used 896K [0x0000000080000000, 0x0000000084300000, 0x00000000d5580000)
  object space 68608K, 1% used [0x0000000080000000,0x00000000800e0158,0x0000000084300000)
 Metaspace       used 8171K, committed 8448K, reserved 1114112K
  class space    used 865K, committed 960K, reserved 1048576K
}
Event: 9.737 GC heap before
{Heap before GC invocations=3 (full 0):
 PSYoungGen      total 29696K, used 29692K [0x00000000d5580000, 0x00000000d7680000, 0x0000000100000000)
  eden space 25600K, 100% used [0x00000000d5580000,0x00000000d6e80000,0x00000000d6e80000)
  from space 4096K, 99% used [0x00000000d7280000,0x00000000d767f270,0x00000000d7680000)
  to   space 4096K, 0% used [0x00000000d6e80000,0x00000000d6e80000,0x00000000d7280000)
 ParOldGen       total 68608K, used 896K [0x0000000080000000, 0x0000000084300000, 0x00000000d5580000)
  object space 68608K, 1% used [0x0000000080000000,0x00000000800e0158,0x0000000084300000)
 Metaspace       used 12957K, committed 13504K, reserved 1114112K
  class space    used 1367K, committed 1600K, reserved 1048576K
}
Event: 9.749 GC heap after
{Heap after GC invocations=3 (full 0):
 PSYoungGen      total 29696K, used 4079K [0x00000000d5580000, 0x00000000d7680000, 0x0000000100000000)
  eden space 25600K, 0% used [0x00000000d5580000,0x00000000d5580000,0x00000000d6e80000)
  from space 4096K, 99% used [0x00000000d6e80000,0x00000000d727bc48,0x00000000d7280000)
  to   space 4096K, 0% used [0x00000000d7280000,0x00000000d7280000,0x00000000d7680000)
 ParOldGen       total 68608K, used 2716K [0x0000000080000000, 0x0000000084300000, 0x00000000d5580000)
  object space 68608K, 3% used [0x0000000080000000,0x00000000802a7008,0x0000000084300000)
 Metaspace       used 12957K, committed 13504K, reserved 1114112K
  class space    used 1367K, committed 1600K, reserved 1048576K
}
Event: 11.046 GC heap before
{Heap before GC invocations=4 (full 0):
 PSYoungGen      total 29696K, used 29679K [0x00000000d5580000, 0x00000000d7680000, 0x0000000100000000)
  eden space 25600K, 100% used [0x00000000d5580000,0x00000000d6e80000,0x00000000d6e80000)
  from space 4096K, 99% used [0x00000000d6e80000,0x00000000d727bc48,0x00000000d7280000)
  to   space 4096K, 0% used [0x00000000d7280000,0x00000000d7280000,0x00000000d7680000)
 ParOldGen       total 68608K, used 2716K [0x0000000080000000, 0x0000000084300000, 0x00000000d5580000)
  object space 68608K, 3% used [0x0000000080000000,0x00000000802a7008,0x0000000084300000)
 Metaspace       used 16193K, committed 16768K, reserved 1114112K
  class space    used 1684K, committed 1920K, reserved 1048576K
}
Event: 11.058 GC heap after
{Heap after GC invocations=4 (full 0):
 PSYoungGen      total 29696K, used 4085K [0x00000000d5580000, 0x00000000d7680000, 0x0000000100000000)
  eden space 25600K, 0% used [0x00000000d5580000,0x00000000d5580000,0x00000000d6e80000)
  from space 4096K, 99% used [0x00000000d7280000,0x00000000d767d628,0x00000000d7680000)
  to   space 4096K, 0% used [0x00000000d6e80000,0x00000000d6e80000,0x00000000d7280000)
 ParOldGen       total 68608K, used 5393K [0x0000000080000000, 0x0000000084300000, 0x00000000d5580000)
  object space 68608K, 7% used [0x0000000080000000,0x00000000805446a0,0x0000000084300000)
 Metaspace       used 16193K, committed 16768K, reserved 1114112K
  class space    used 1684K, committed 1920K, reserved 1048576K
}
Event: 12.601 GC heap before
{Heap before GC invocations=5 (full 0):
 PSYoungGen      total 29696K, used 29685K [0x00000000d5580000, 0x00000000d7680000, 0x0000000100000000)
  eden space 25600K, 100% used [0x00000000d5580000,0x00000000d6e80000,0x00000000d6e80000)
  from space 4096K, 99% used [0x00000000d7280000,0x00000000d767d628,0x00000000d7680000)
  to   space 4096K, 0% used [0x00000000d6e80000,0x00000000d6e80000,0x00000000d7280000)
 ParOldGen       total 68608K, used 5393K [0x0000000080000000, 0x0000000084300000, 0x00000000d5580000)
  object space 68608K, 7% used [0x0000000080000000,0x00000000805446a0,0x0000000084300000)
 Metaspace       used 20097K, committed 20672K, reserved 1114112K
  class space    used 1968K, committed 2240K, reserved 1048576K
}
Event: 12.609 GC heap after
{Heap after GC invocations=5 (full 0):
 PSYoungGen      total 29184K, used 4092K [0x00000000d5580000, 0x00000000d7900000, 0x0000000100000000)
  eden space 25088K, 0% used [0x00000000d5580000,0x00000000d5580000,0x00000000d6e00000)
  from space 4096K, 99% used [0x00000000d6e80000,0x00000000d727f1c0,0x00000000d7280000)
  to   space 5632K, 0% used [0x00000000d7380000,0x00000000d7380000,0x00000000d7900000)
 ParOldGen       total 68608K, used 5731K [0x0000000080000000, 0x0000000084300000, 0x00000000d5580000)
  object space 68608K, 8% used [0x0000000080000000,0x0000000080598ce0,0x0000000084300000)
 Metaspace       used 20097K, committed 20672K, reserved 1114112K
  class space    used 1968K, committed 2240K, reserved 1048576K
}

Dll operation events (11 events):
Event: 0.018 Loaded shared library c:\Users\DELL\.vscode\extensions\redhat.java-1.44.0-win32-x64\jre\21.0.8-win32-x86_64\bin\java.dll
Event: 0.520 Loaded shared library c:\Users\DELL\.vscode\extensions\redhat.java-1.44.0-win32-x64\jre\21.0.8-win32-x86_64\bin\zip.dll
Event: 0.672 Loaded shared library C:\Users\DELL\.vscode\extensions\redhat.java-1.44.0-win32-x64\jre\21.0.8-win32-x86_64\bin\instrument.dll
Event: 0.754 Loaded shared library C:\Users\DELL\.vscode\extensions\redhat.java-1.44.0-win32-x64\jre\21.0.8-win32-x86_64\bin\net.dll
Event: 0.791 Loaded shared library C:\Users\DELL\.vscode\extensions\redhat.java-1.44.0-win32-x64\jre\21.0.8-win32-x86_64\bin\nio.dll
Event: 0.799 Loaded shared library C:\Users\DELL\.vscode\extensions\redhat.java-1.44.0-win32-x64\jre\21.0.8-win32-x86_64\bin\zip.dll
Event: 0.876 Loaded shared library C:\Users\DELL\.vscode\extensions\redhat.java-1.44.0-win32-x64\jre\21.0.8-win32-x86_64\bin\jimage.dll
Event: 1.078 Loaded shared library c:\Users\DELL\.vscode\extensions\redhat.java-1.44.0-win32-x64\jre\21.0.8-win32-x86_64\bin\verify.dll
Event: 6.521 Loaded shared library C:\Users\DELL\AppData\Roaming\Code\User\globalStorage\redhat.java\1.44.0\config_ss_win\org.eclipse.equinox.launcher\org.eclipse.equinox.launcher.win32.win32.x86_64_1.2.1400.v20250730-1736\eclipse_11913.dll
Event: 9.890 Loaded shared library C:\Users\DELL\.vscode\extensions\redhat.java-1.44.0-win32-x64\jre\21.0.8-win32-x86_64\bin\management.dll
Event: 9.903 Loaded shared library C:\Users\DELL\.vscode\extensions\redhat.java-1.44.0-win32-x64\jre\21.0.8-win32-x86_64\bin\management_ext.dll

Deoptimization events (20 events):
Event: 10.809 Thread 0x0000017b729d2930 DEOPT PACKING pc=0x0000017b6181ea44 sp=0x0000006ccf4ef6b0
Event: 10.809 Thread 0x0000017b729d2930 DEOPT UNPACKING pc=0x0000017b611e3aa2 sp=0x0000006ccf4ef658 mode 2
Event: 10.809 Thread 0x0000017b729d2930 Uncommon trap: trap_request=0xffffffde fr.pc=0x0000017b6181ea44 relative=0x00000000000003e4
Event: 10.809 Thread 0x0000017b729d2930 Uncommon trap: reason=class_check action=maybe_recompile pc=0x0000017b6181ea44 method=java.util.regex.Pattern$BmpCharPropertyGreedy.match(Ljava/util/regex/Matcher;ILjava/lang/CharSequence;)Z @ 70 c2
Event: 10.809 Thread 0x0000017b729d2930 DEOPT PACKING pc=0x0000017b6181ea44 sp=0x0000006ccf4ef500
Event: 10.809 Thread 0x0000017b729d2930 DEOPT UNPACKING pc=0x0000017b611e3aa2 sp=0x0000006ccf4ef4a8 mode 2
Event: 10.864 Thread 0x0000017b729d2930 DEOPT PACKING pc=0x0000017b5a007856 sp=0x0000006ccf4f4c70
Event: 10.864 Thread 0x0000017b729d2930 DEOPT UNPACKING pc=0x0000017b611e4242 sp=0x0000006ccf4f4180 mode 0
Event: 11.062 Thread 0x0000017b729d2930 Uncommon trap: trap_request=0xffffff6e fr.pc=0x0000017b61836cfc relative=0x0000000000000a7c
Event: 11.062 Thread 0x0000017b729d2930 Uncommon trap: reason=loop_limit_check action=maybe_recompile pc=0x0000017b61836cfc method=java.util.regex.Pattern$StartS.match(Ljava/util/regex/Matcher;ILjava/lang/CharSequence;)Z @ 34 c2
Event: 11.062 Thread 0x0000017b729d2930 DEOPT PACKING pc=0x0000017b61836cfc sp=0x0000006ccf4ef1b0
Event: 11.062 Thread 0x0000017b729d2930 DEOPT UNPACKING pc=0x0000017b611e3aa2 sp=0x0000006ccf4ef100 mode 2
Event: 12.127 Thread 0x0000017b729d2930 Uncommon trap: trap_request=0xffffff45 fr.pc=0x0000017b6183e984 relative=0x0000000000000164
Event: 12.127 Thread 0x0000017b729d2930 Uncommon trap: reason=unstable_if action=reinterpret pc=0x0000017b6183e984 method=org.lombokweb.asm.ByteVector.putByteArray([BII)Lorg/lombokweb/asm/ByteVector; @ 20 c2
Event: 12.127 Thread 0x0000017b729d2930 DEOPT PACKING pc=0x0000017b6183e984 sp=0x0000006ccf4f2850
Event: 12.127 Thread 0x0000017b729d2930 DEOPT UNPACKING pc=0x0000017b611e3aa2 sp=0x0000006ccf4f2820 mode 2
Event: 12.127 Thread 0x0000017b729d2930 Uncommon trap: trap_request=0xffffff45 fr.pc=0x0000017b6183ded0 relative=0x0000000000000390
Event: 12.127 Thread 0x0000017b729d2930 Uncommon trap: reason=unstable_if action=reinterpret pc=0x0000017b6183ded0 method=org.lombokweb.asm.Label.resolve([BLorg/lombokweb/asm/ByteVector;I)Z @ 81 c2
Event: 12.127 Thread 0x0000017b729d2930 DEOPT PACKING pc=0x0000017b6183ded0 sp=0x0000006ccf4f28e0
Event: 12.127 Thread 0x0000017b729d2930 DEOPT UNPACKING pc=0x0000017b611e3aa2 sp=0x0000006ccf4f27e8 mode 2

Classes loaded (20 events):
Event: 10.795 Loading class java/util/zip/GZIPInputStream
Event: 10.795 Loading class java/util/zip/GZIPInputStream done
Event: 10.851 Loading class java/io/StringReader
Event: 10.852 Loading class java/io/StringReader done
Event: 10.863 Loading class java/net/SocketTimeoutException
Event: 10.863 Loading class java/io/InterruptedIOException
Event: 10.863 Loading class java/io/InterruptedIOException done
Event: 10.863 Loading class java/net/SocketTimeoutException done
Event: 10.863 Loading class java/net/SocketException
Event: 10.863 Loading class java/net/SocketException done
Event: 10.863 Loading class java/net/UnknownHostException
Event: 10.863 Loading class java/net/UnknownHostException done
Event: 10.864 Loading class java/net/ProtocolException
Event: 10.865 Loading class java/net/ProtocolException done
Event: 10.937 Loading class java/lang/ThreadLocal$SuppliedThreadLocal
Event: 10.937 Loading class java/lang/ThreadLocal$SuppliedThreadLocal done
Event: 10.950 Loading class java/io/FileWriter
Event: 10.950 Loading class java/io/FileWriter done
Event: 10.968 Loading class java/lang/NegativeArraySizeException
Event: 10.968 Loading class java/lang/NegativeArraySizeException done

Classes unloaded (0 events):
No events

Classes redefined (0 events):
No events

Internal exceptions (20 events):
Event: 10.260 Thread 0x0000017b729d2930 Exception <a 'java/lang/NoSuchMethodError'{0x00000000d5e6a3a8}: 'java.lang.Object java.lang.invoke.Invokers$Holder.linkToTargetMethod(java.lang.Object, java.lang.Object, long, java.lang.Object)'> (0x00000000d5e6a3a8) 
thrown [s\src\hotspot\share\interpreter\linkResolver.cpp, line 773]
Event: 10.435 Thread 0x0000017b729d2930 Exception <a 'java/lang/IncompatibleClassChangeError'{0x00000000d5f62868}: Found class java.lang.Object, but interface was expected> (0x00000000d5f62868) 
thrown [s\src\hotspot\share\interpreter\linkResolver.cpp, line 840]
Event: 10.437 Thread 0x0000017b729d2930 Exception <a 'java/lang/NoSuchMethodError'{0x00000000d5f66428}: 'java.lang.Object java.lang.invoke.DirectMethodHandle$Holder.invokeSpecial(java.lang.Object, java.lang.Object, java.lang.Object, int, java.lang.Object, java.lang.Object)'> (0x00000000d5f66428) 
thrown [s\src\hotspot\share\interpreter\linkResolver.cpp, line 773]
Event: 10.441 Thread 0x0000017b729d2930 Exception <a 'java/lang/NoSuchMethodError'{0x00000000d5f7c200}: 'java.lang.Object java.lang.invoke.DirectMethodHandle$Holder.newInvokeSpecial(java.lang.Object, java.lang.Object, java.lang.Object, int, java.lang.Object)'> (0x00000000d5f7c200) 
thrown [s\src\hotspot\share\interpreter\linkResolver.cpp, line 773]
Event: 10.444 Thread 0x0000017b729d2930 Exception <a 'java/lang/NoSuchMethodError'{0x00000000d5f801c0}: 'java.lang.Object java.lang.invoke.DirectMethodHandle$Holder.invokeSpecial(java.lang.Object, java.lang.Object, java.lang.Object, java.lang.Object, int, java.lang.Object)'> (0x00000000d5f801c0) 
thrown [s\src\hotspot\share\interpreter\linkResolver.cpp, line 773]
Event: 10.445 Thread 0x0000017b729d2930 Exception <a 'java/lang/NoSuchMethodError'{0x00000000d5f83d00}: 'java.lang.Object java.lang.invoke.Invokers$Holder.linkToTargetMethod(java.lang.Object, java.lang.Object, int, java.lang.Object, java.lang.Object)'> (0x00000000d5f83d00) 
thrown [s\src\hotspot\share\interpreter\linkResolver.cpp, line 773]
Event: 10.446 Thread 0x0000017b72bf4ab0 Exception <a 'java/lang/NoSuchMethodError'{0x00000000d5edd2d0}: 'java.lang.Object java.lang.invoke.DirectMethodHandle$Holder.invokeSpecial(java.lang.Object, java.lang.Object, int, java.lang.Object, java.lang.Object)'> (0x00000000d5edd2d0) 
thrown [s\src\hotspot\share\interpreter\linkResolver.cpp, line 773]
Event: 10.453 Thread 0x0000017b72bf4ab0 Exception <a 'java/lang/NoSuchMethodError'{0x00000000d5ee4008}: 'java.lang.Object java.lang.invoke.DirectMethodHandle$Holder.newInvokeSpecial(java.lang.Object, java.lang.Object, int, java.lang.Object)'> (0x00000000d5ee4008) 
thrown [s\src\hotspot\share\interpreter\linkResolver.cpp, line 773]
Event: 10.454 Thread 0x0000017b72bf4ab0 Exception <a 'java/lang/NoSuchMethodError'{0x00000000d5ee7928}: 'java.lang.Object java.lang.invoke.DirectMethodHandle$Holder.invokeSpecial(java.lang.Object, java.lang.Object, java.lang.Object, int, java.lang.Object)'> (0x00000000d5ee7928) 
thrown [s\src\hotspot\share\interpreter\linkResolver.cpp, line 773]
Event: 10.562 Thread 0x0000017b729d2930 Exception <a 'java/lang/NoSuchMethodError'{0x00000000d60c95b0}: 'void java.lang.invoke.DirectMethodHandle$Holder.invokeSpecial(java.lang.Object, java.lang.Object, java.lang.Object, java.lang.Object, java.lang.Object)'> (0x00000000d60c95b0) 
thrown [s\src\hotspot\share\interpreter\linkResolver.cpp, line 773]
Event: 10.731 Thread 0x0000017b729d2930 Exception <a 'java/lang/NoSuchMethodError'{0x00000000d639f220}: 'double java.lang.invoke.DirectMethodHandle$Holder.invokeStatic(java.lang.Object, java.lang.Object)'> (0x00000000d639f220) 
thrown [s\src\hotspot\share\interpreter\linkResolver.cpp, line 773]
Event: 10.731 Thread 0x0000017b729d2930 Exception <a 'java/lang/NoSuchMethodError'{0x00000000d63a28e0}: 'double java.lang.invoke.DirectMethodHandle$Holder.invokeStaticInit(java.lang.Object, java.lang.Object)'> (0x00000000d63a28e0) 
thrown [s\src\hotspot\share\interpreter\linkResolver.cpp, line 773]
Event: 11.168 Thread 0x0000017b729d2930 Exception <a 'java/io/FileNotFoundException'{0x00000000d5a28b50}> (0x00000000d5a28b50) 
thrown [s\src\hotspot\share\prims\jni.cpp, line 520]
Event: 11.168 Thread 0x0000017b729d2930 Exception <a 'java/io/FileNotFoundException'{0x00000000d5a99cd8}> (0x00000000d5a99cd8) 
thrown [s\src\hotspot\share\prims\jni.cpp, line 520]
Event: 11.169 Thread 0x0000017b729d2930 Exception <a 'java/io/FileNotFoundException'{0x00000000d5a9ac08}> (0x00000000d5a9ac08) 
thrown [s\src\hotspot\share\prims\jni.cpp, line 520]
Event: 11.954 Thread 0x0000017b729d2930 Exception <a 'java/lang/NoSuchMethodError'{0x00000000d6403570}: 'int java.lang.invoke.DirectMethodHandle$Holder.invokeStaticInit(java.lang.Object, java.lang.Object, java.lang.Object)'> (0x00000000d6403570) 
thrown [s\src\hotspot\share\interpreter\linkResolver.cpp, line 773]
Event: 12.127 Thread 0x0000017b729d2930 Implicit null exception at 0x0000017b6183e875 to 0x0000017b6183e968
Event: 12.635 Thread 0x0000017b729d2930 Exception <a 'java/io/FileNotFoundException'{0x00000000d5697cd8}> (0x00000000d5697cd8) 
thrown [s\src\hotspot\share\prims\jni.cpp, line 520]
Event: 12.636 Thread 0x0000017b729d2930 Exception <a 'java/lang/NoSuchMethodError'{0x00000000d569f548}: 'java.lang.Object java.lang.invoke.DirectMethodHandle$Holder.newInvokeSpecial(java.lang.Object, int, java.lang.Object, java.lang.Object)'> (0x00000000d569f548) 
thrown [s\src\hotspot\share\interpreter\linkResolver.cpp, line 773]
Event: 12.829 Thread 0x0000017b729d2930 Exception <a 'java/io/FileNotFoundException'{0x00000000d62465e0}> (0x00000000d62465e0) 
thrown [s\src\hotspot\share\prims\jni.cpp, line 520]

ZGC Phase Switch (0 events):
No events

VM Operations (20 events):
Event: 6.601 Executing VM operation: ParallelGCFailedAllocation (Allocation Failure)
Event: 6.610 Executing VM operation: ParallelGCFailedAllocation (Allocation Failure) done
Event: 7.261 Executing VM operation: HandshakeAllThreads (Deoptimize)
Event: 7.261 Executing VM operation: HandshakeAllThreads (Deoptimize) done
Event: 8.261 Executing VM operation: Cleanup
Event: 8.288 Executing VM operation: Cleanup done
Event: 9.145 Executing VM operation: HandshakeAllThreads (Deoptimize)
Event: 9.145 Executing VM operation: HandshakeAllThreads (Deoptimize) done
Event: 9.737 Executing VM operation: ParallelGCFailedAllocation (Allocation Failure)
Event: 9.749 Executing VM operation: ParallelGCFailedAllocation (Allocation Failure) done
Event: 10.018 Executing VM operation: HandshakeAllThreads (Deoptimize)
Event: 10.018 Executing VM operation: HandshakeAllThreads (Deoptimize) done
Event: 10.027 Executing VM operation: HandshakeAllThreads (Deoptimize)
Event: 10.027 Executing VM operation: HandshakeAllThreads (Deoptimize) done
Event: 10.080 Executing VM operation: HandshakeAllThreads (Deoptimize)
Event: 10.080 Executing VM operation: HandshakeAllThreads (Deoptimize) done
Event: 11.045 Executing VM operation: ParallelGCFailedAllocation (Allocation Failure)
Event: 11.058 Executing VM operation: ParallelGCFailedAllocation (Allocation Failure) done
Event: 12.601 Executing VM operation: ParallelGCFailedAllocation (Allocation Failure)
Event: 12.609 Executing VM operation: ParallelGCFailedAllocation (Allocation Failure) done

Memory protections (0 events):
No events

Nmethod flushes (0 events):
No events

Events (20 events):
Event: 0.120 Thread 0x0000017b56a62740 Thread added: 0x0000017b56a62740
Event: 0.228 Thread 0x0000017b56a62740 Thread added: 0x0000017b56949400
Event: 0.229 Thread 0x0000017b56a62740 Thread added: 0x0000017b5694ad00
Event: 0.230 Thread 0x0000017b56a62740 Thread added: 0x0000017b5694cf70
Event: 0.230 Thread 0x0000017b56a62740 Thread added: 0x0000017b5694de80
Event: 0.230 Thread 0x0000017b56a62740 Thread added: 0x0000017b56951a50
Event: 0.230 Thread 0x0000017b56a62740 Thread added: 0x0000017b569524a0
Event: 0.231 Thread 0x0000017b56a62740 Thread added: 0x0000017b569532d0
Event: 0.247 Thread 0x0000017b56a62740 Thread added: 0x0000017b569b6760
Event: 0.361 Thread 0x0000017b56a62740 Thread added: 0x0000017b7202c640
Event: 1.334 Thread 0x0000017b56a62740 Thread added: 0x0000017b72264bc0
Event: 5.698 Thread 0x0000017b56a62740 Thread added: 0x0000017b72888200
Event: 6.492 Thread 0x0000017b56a62740 Thread added: 0x0000017b729d2000
Event: 6.504 Thread 0x0000017b56a62740 Thread added: 0x0000017b729d2930
Event: 6.655 Thread 0x0000017b729d2930 Thread added: 0x0000017b72225ec0
Event: 7.170 Thread 0x0000017b729d2930 Thread added: 0x0000017b72500fa0
Event: 9.329 Thread 0x0000017b729d2930 Thread added: 0x0000017b723d0400
Event: 10.293 Thread 0x0000017b729d2930 Thread added: 0x0000017b72bf4ab0
Event: 10.448 Thread 0x0000017b729d2930 Thread added: 0x0000017b72f21c30
Event: 10.693 Thread 0x0000017b72bf4ab0 Thread added: 0x0000017b72f88e50


Dynamic libraries:
0x00007ff60cd80000 - 0x00007ff60cd8e000 	c:\Users\DELL\.vscode\extensions\redhat.java-1.44.0-win32-x64\jre\21.0.8-win32-x86_64\bin\java.exe
0x00007ffb3f770000 - 0x00007ffb3f968000 	C:\Windows\SYSTEM32\ntdll.dll
0x00007ffb3d7a0000 - 0x00007ffb3d862000 	C:\Windows\System32\KERNEL32.DLL
0x00007ffb3d010000 - 0x00007ffb3d307000 	C:\Windows\System32\KERNELBASE.dll
0x00007ffb3d470000 - 0x00007ffb3d570000 	C:\Windows\System32\ucrtbase.dll
0x00007ffb2c450000 - 0x00007ffb2c468000 	c:\Users\DELL\.vscode\extensions\redhat.java-1.44.0-win32-x64\jre\21.0.8-win32-x86_64\bin\jli.dll
0x00007ffb3e240000 - 0x00007ffb3e3dd000 	C:\Windows\System32\USER32.dll
0x00007ffb3d710000 - 0x00007ffb3d732000 	C:\Windows\System32\win32u.dll
0x00007ffb3e8a0000 - 0x00007ffb3e8cb000 	C:\Windows\System32\GDI32.dll
0x00007ffb3d570000 - 0x00007ffb3d689000 	C:\Windows\System32\gdi32full.dll
0x00007ffb3d3a0000 - 0x00007ffb3d43d000 	C:\Windows\System32\msvcp_win.dll
0x00007ffb2c1b0000 - 0x00007ffb2c1ce000 	c:\Users\DELL\.vscode\extensions\redhat.java-1.44.0-win32-x64\jre\21.0.8-win32-x86_64\bin\VCRUNTIME140.dll
0x00007ffb2b3f0000 - 0x00007ffb2b68a000 	C:\Windows\WinSxS\amd64_microsoft.windows.common-controls_6595b64144ccf1df_6.0.19041.5915_none_60b4b9d171f9c7c7\COMCTL32.dll
0x00007ffb3e800000 - 0x00007ffb3e89e000 	C:\Windows\System32\msvcrt.dll
0x00007ffb3f550000 - 0x00007ffb3f57f000 	C:\Windows\System32\IMM32.DLL
0x00007ffb34b50000 - 0x00007ffb34b5c000 	c:\Users\DELL\.vscode\extensions\redhat.java-1.44.0-win32-x64\jre\21.0.8-win32-x86_64\bin\vcruntime140_1.dll
0x00007ffb26500000 - 0x00007ffb2658d000 	c:\Users\DELL\.vscode\extensions\redhat.java-1.44.0-win32-x64\jre\21.0.8-win32-x86_64\bin\msvcp140.dll
0x00007ffabd4a0000 - 0x00007ffabe237000 	c:\Users\DELL\.vscode\extensions\redhat.java-1.44.0-win32-x64\jre\21.0.8-win32-x86_64\bin\server\jvm.dll
0x00007ffb3e740000 - 0x00007ffb3e7f1000 	C:\Windows\System32\ADVAPI32.dll
0x00007ffb3f4b0000 - 0x00007ffb3f54f000 	C:\Windows\System32\sechost.dll
0x00007ffb3f380000 - 0x00007ffb3f4a6000 	C:\Windows\System32\RPCRT4.dll
0x00007ffb3d440000 - 0x00007ffb3d467000 	C:\Windows\System32\bcrypt.dll
0x00007ffb3ea80000 - 0x00007ffb3eaeb000 	C:\Windows\System32\WS2_32.dll
0x00007ffb3c360000 - 0x00007ffb3c3ab000 	C:\Windows\SYSTEM32\POWRPROF.dll
0x00007ffb2ac30000 - 0x00007ffb2ac57000 	C:\Windows\SYSTEM32\WINMM.dll
0x00007ffb35090000 - 0x00007ffb3509a000 	C:\Windows\SYSTEM32\VERSION.dll
0x00007ffb3c1c0000 - 0x00007ffb3c1d2000 	C:\Windows\SYSTEM32\UMPDC.dll
0x00007ffb3b5e0000 - 0x00007ffb3b5f2000 	C:\Windows\SYSTEM32\kernel.appcore.dll
0x00007ffb34000000 - 0x00007ffb3400a000 	c:\Users\DELL\.vscode\extensions\redhat.java-1.44.0-win32-x64\jre\21.0.8-win32-x86_64\bin\jimage.dll
0x00007ffb3b2d0000 - 0x00007ffb3b4d1000 	C:\Windows\SYSTEM32\DBGHELP.DLL
0x00007ffb28d20000 - 0x00007ffb28d54000 	C:\Windows\SYSTEM32\dbgcore.DLL
0x00007ffb3d310000 - 0x00007ffb3d392000 	C:\Windows\System32\bcryptPrimitives.dll
0x00007ffb33c10000 - 0x00007ffb33c1f000 	c:\Users\DELL\.vscode\extensions\redhat.java-1.44.0-win32-x64\jre\21.0.8-win32-x86_64\bin\instrument.dll
0x00007ffb26670000 - 0x00007ffb2668f000 	c:\Users\DELL\.vscode\extensions\redhat.java-1.44.0-win32-x64\jre\21.0.8-win32-x86_64\bin\java.dll
0x00007ffb3dad0000 - 0x00007ffb3e23e000 	C:\Windows\System32\SHELL32.dll
0x00007ffb3ab10000 - 0x00007ffb3b2b4000 	C:\Windows\SYSTEM32\windows.storage.dll
0x00007ffb3e3e0000 - 0x00007ffb3e733000 	C:\Windows\System32\combase.dll
0x00007ffb3c810000 - 0x00007ffb3c83b000 	C:\Windows\SYSTEM32\Wldp.dll
0x00007ffb3f600000 - 0x00007ffb3f6cd000 	C:\Windows\System32\OLEAUT32.dll
0x00007ffb3d8e0000 - 0x00007ffb3d98d000 	C:\Windows\System32\SHCORE.dll
0x00007ffb3f6d0000 - 0x00007ffb3f72b000 	C:\Windows\System32\shlwapi.dll
0x00007ffb3cd30000 - 0x00007ffb3cd54000 	C:\Windows\SYSTEM32\profapi.dll
0x00007ffb26650000 - 0x00007ffb26668000 	c:\Users\DELL\.vscode\extensions\redhat.java-1.44.0-win32-x64\jre\21.0.8-win32-x86_64\bin\zip.dll
0x00007ffb33f10000 - 0x00007ffb33f20000 	C:\Users\DELL\.vscode\extensions\redhat.java-1.44.0-win32-x64\jre\21.0.8-win32-x86_64\bin\net.dll
0x00007ffb30080000 - 0x00007ffb3018a000 	C:\Windows\SYSTEM32\WINHTTP.dll
0x00007ffb3c540000 - 0x00007ffb3c5aa000 	C:\Windows\system32\mswsock.dll
0x00007ffb26630000 - 0x00007ffb26646000 	C:\Users\DELL\.vscode\extensions\redhat.java-1.44.0-win32-x64\jre\21.0.8-win32-x86_64\bin\nio.dll
0x00007ffb33bf0000 - 0x00007ffb33c00000 	c:\Users\DELL\.vscode\extensions\redhat.java-1.44.0-win32-x64\jre\21.0.8-win32-x86_64\bin\verify.dll
0x00007ffb25040000 - 0x00007ffb25085000 	C:\Users\DELL\AppData\Roaming\Code\User\globalStorage\redhat.java\1.44.0\config_ss_win\org.eclipse.equinox.launcher\org.eclipse.equinox.launcher.win32.win32.x86_64_1.2.1400.v20250730-1736\eclipse_11913.dll
0x00007ffb3f0e0000 - 0x00007ffb3f20b000 	C:\Windows\System32\ole32.dll
0x00007ffb2c130000 - 0x00007ffb2c13a000 	C:\Users\DELL\.vscode\extensions\redhat.java-1.44.0-win32-x64\jre\21.0.8-win32-x86_64\bin\management.dll
0x00007ffb26880000 - 0x00007ffb2688b000 	C:\Users\DELL\.vscode\extensions\redhat.java-1.44.0-win32-x64\jre\21.0.8-win32-x86_64\bin\management_ext.dll
0x00007ffb3eb50000 - 0x00007ffb3eb58000 	C:\Windows\System32\PSAPI.DLL

JVMTI agents:
c:\Users\DELL\.vscode\extensions\redhat.java-1.44.0-win32-x64\lombok\lombok-1.18.39-4050.jar path:c:\Users\DELL\.vscode\extensions\redhat.java-1.44.0-win32-x64\jre\21.0.8-win32-x86_64\bin\instrument.dll, loaded, initialized, instrumentlib options:none

dbghelp: loaded successfully - version: 4.0.5 - missing functions: none
symbol engine: initialized successfully - sym options: 0x614 - pdb path: .;c:\Users\DELL\.vscode\extensions\redhat.java-1.44.0-win32-x64\jre\21.0.8-win32-x86_64\bin;C:\Windows\SYSTEM32;C:\Windows\WinSxS\amd64_microsoft.windows.common-controls_6595b64144ccf1df_6.0.19041.5915_none_60b4b9d171f9c7c7;c:\Users\DELL\.vscode\extensions\redhat.java-1.44.0-win32-x64\jre\21.0.8-win32-x86_64\bin\server;C:\Users\DELL\AppData\Roaming\Code\User\globalStorage\redhat.java\1.44.0\config_ss_win\org.eclipse.equinox.launcher\org.eclipse.equinox.launcher.win32.win32.x86_64_1.2.1400.v20250730-1736

VM Arguments:
jvm_args: --add-modules=ALL-SYSTEM --add-opens=java.base/java.util=ALL-UNNAMED --add-opens=java.base/java.lang=ALL-UNNAMED --add-opens=java.base/sun.nio.fs=ALL-UNNAMED -Declipse.application=org.eclipse.jdt.ls.core.id1 -Dosgi.bundles.defaultStartLevel=4 -Declipse.product=org.eclipse.jdt.ls.core.product -Djava.import.generatesMetadataFilesAtProjectRoot=false -DDetectVMInstallationsJob.disabled=true -Dfile.encoding=utf8 -XX:+UseParallelGC -XX:GCTimeRatio=4 -XX:AdaptiveSizePolicyWeight=90 -Dsun.zip.disableMemoryMapping=true -Xmx2G -Xms100m -Xlog:disable -javaagent:c:\Users\DELL\.vscode\extensions\redhat.java-1.44.0-win32-x64\lombok\lombok-1.18.39-4050.jar 
java_command: c:\Users\DELL\.vscode\extensions\redhat.java-1.44.0-win32-x64\server\plugins\org.eclipse.equinox.launcher_1.7.0.v20250519-0528.jar -configuration c:\Users\DELL\AppData\Roaming\Code\User\globalStorage\redhat.java\1.44.0\config_ss_win -data c:\Users\DELL\AppData\Roaming\Code\User\workspaceStorage\7347e949fa8fcc07896563d2bdbed6ba\redhat.java\ss_ws --pipe=\\.\pipe\lsp-7b1a2c59970a3faea70d4480db9851c3-sock
java_class_path (initial): c:\Users\DELL\.vscode\extensions\redhat.java-1.44.0-win32-x64\server\plugins\org.eclipse.equinox.launcher_1.7.0.v20250519-0528.jar
Launcher Type: SUN_STANDARD

[Global flags]
    uintx AdaptiveSizePolicyWeight                 = 90                                        {product} {command line}
     intx CICompilerCount                          = 3                                         {product} {ergonomic}
    uintx GCTimeRatio                              = 4                                         {product} {command line}
   size_t InitialHeapSize                          = 104857600                                 {product} {command line}
   size_t MaxHeapSize                              = 2147483648                                {product} {command line}
   size_t MaxNewSize                               = 715653120                                 {product} {ergonomic}
   size_t MinHeapDeltaBytes                        = 524288                                    {product} {ergonomic}
   size_t MinHeapSize                              = 104857600                                 {product} {command line}
   size_t NewSize                                  = 34603008                                  {product} {ergonomic}
    uintx NonNMethodCodeHeapSize                   = 5832780                                {pd product} {ergonomic}
    uintx NonProfiledCodeHeapSize                  = 122912730                              {pd product} {ergonomic}
   size_t OldSize                                  = 70254592                                  {product} {ergonomic}
    uintx ProfiledCodeHeapSize                     = 122912730                              {pd product} {ergonomic}
    uintx ReservedCodeCacheSize                    = 251658240                              {pd product} {ergonomic}
     bool SegmentedCodeCache                       = true                                      {product} {ergonomic}
   size_t SoftMaxHeapSize                          = 2147483648                             {manageable} {ergonomic}
     bool UseCompressedOops                        = true                           {product lp64_product} {ergonomic}
     bool UseLargePagesIndividualAllocation        = false                                  {pd product} {ergonomic}
     bool UseParallelGC                            = true                                      {product} {command line}

Logging:
Log output configuration:
 #0: stdout all=off uptime,level,tags foldmultilines=false
 #1: stderr all=off uptime,level,tags foldmultilines=false

Environment Variables:
PATH=c:\Users\DELL\AppData\Local\Programs\cursor\resources\app\bin;C:\Program Files\Common Files\Oracle\Java\javapath;C:\Windows\system32;C:\Windows;C:\Windows\System32\Wbem;C:\Windows\System32\WindowsPowerShell\v1.0\;C:\Windows\System32\OpenSSH\;C:\Program Files\dotnet\;C:\Program Files (x86)\MATLAB\R2009b\runtime\win32;C:\Program Files (x86)\MATLAB\R2009b\bin;C:\Program Files\Java\jdk1.8.0_202\bin;C:\MinGW\bin;C:\scrcpy;C:\Program Files\Git\cmd;F:\python\Scripts\;F:\python\;C:\Users\DELL\AppData\Local\Programs\Python\Launcher\;C:\Program Files\MySQL\MySQL Shell 8.0\bin\;C:\Users\DELL\AppData\Local\Microsoft\WindowsApps;C:\MinGW\bin;C:\Program Files\Java\jdk1.8.0_202\bin catalina.jarC:\Program Files\Apache Software Foundation\Tomcat 9.0;C:\Users\DELL\AppData\Local\Programs\Hyper\resources\bin;C:\Users\DELL\AppData\Local\spicetify;C:\Users\DELL\AppData\Local\GitHubDesktop\bin;C:\Users\DELL\AppData\Roaming\npm;c:\Users\DELL\AppData\Local\Programs\cursor\resources\app\bin;C:\Program Files\Microsoft VS Code\bin;C:\Program Files\nodejs\;C:\scrcpy;F:\sndcpy-with-adb-windows-v1.1;F:\python\Scripts\;F:\python\;C:\Users\DELL\AppData\Local\Programs\Python\Launcher\;C:\Program Files\MySQL\MySQL Shell 8.0\bin\;C:\Users\DELL\AppData\Local\Microsoft\WindowsApps;C:\MinGW\bin;C:\Program Files\Java\jdk1.8.0_202\bin catalina.jarC:\Program Files\Apache Software Foundation\Tomcat 9.0;C:\Users\DELL\AppData\Local\Programs\Hyper\resources\bin;C:\Users\DELL\AppData\Local\spicetify;C:\Users\DELL\AppData\Local\GitHubDesktop\bin;C:\Users\DELL\AppData\Roaming\npm;C:\Users\DELL\AppData\Local\Programs\cursor\resources\app\bin;C:\Users\DELL\AppData\Local\Microsoft\WinGet\Packages\yt-dlp.FFmpeg_Microsoft.Winget.Source_8wekyb3d8bbwe\ffmpeg-N-120063-g5bcff199d9-win64-gpl/bin;C:\Users\DELL\AppData\Local\Microsoft\WinGet\Packages\yt-dlp.yt-dlp_Microsoft.Winget.Source_8wekyb3d8bbwe;
USERNAME=DELL
OS=Windows_NT
PROCESSOR_IDENTIFIER=Intel64 Family 6 Model 142 Stepping 10, GenuineIntel
TMP=C:\Users\DELL\AppData\Local\Temp
TEMP=C:\Users\DELL\AppData\Local\Temp




Periodic native trim disabled

---------------  S Y S T E M  ---------------

OS:
 Windows 10 , 64 bit Build 19041 (10.0.19041.5915)
OS uptime: 0 days 22:14 hours
Hyper-V role detected

CPU: total 4 (initial active 4) (2 cores per cpu, 2 threads per core) family 6 model 142 stepping 10 microcode 0xca, cx8, cmov, fxsr, ht, mmx, 3dnowpref, sse, sse2, sse3, ssse3, sse4.1, sse4.2, popcnt, lzcnt, tsc, tscinvbit, avx, avx2, aes, erms, clmul, bmi1, bmi2, adx, fma, vzeroupper, clflush, clflushopt, hv, rdtscp, f16c
Processor Information for the first 4 processors :
  Max Mhz: 2304, Current Mhz: 2304, Mhz Limit: 2304

Memory: 4k page, system-wide physical 3960M (218M free)
TotalPageFile size 13056M (AvailPageFile size 1M)
current process WorkingSet (physical memory assigned to process): 129M, peak: 130M
current process commit charge ("private bytes"): 260M, peak: 262M

vm_info: OpenJDK 64-Bit Server VM (21.0.8+9-LTS) for windows-amd64 JRE (21.0.8+9-LTS), built on 2025-07-15T00:00:00Z by "admin" with MS VC++ 17.7 (VS2022)

END.
